<?xml version="1.0" encoding="UTF-8"?>
<!-- Generated by org.testng.reporters.JUnitReportReporter -->
<testsuite hostname="DESKTOP-TDPVJ2D" failures="0" tests="1" name="Test.Testclass" time="44.758" errors="0" timestamp="2023-07-27T14:29:24 IST" skipped="0">
  <testcase classname="Test.Testclass" name="testing" time="44.758"/>
</testsuite> <!-- Test.Testclass -->
